<?xml version="1.0" encoding="UTF-8"?>
<con:soapui-project id="3643113e-3c7e-46ff-ae99-f7568f269475" activeEnvironment="Default" name="REST Project 7" soapui-version="5.4.0" xmlns:con="http://eviware.com/soapui/config">
  <con:settings/>
  <con:interface xsi:type="con:RestService" id="87b7b4c3-1657-45cc-8d18-d349712979b8" wadlVersion="http://wadl.dev.java.net/2009/02" name="http://localhost:7101" type="rest" xmlns:xsi="http://www.w3.org/2001/XMLSchema-instance">
    <con:settings/>
    <con:definitionCache type="TEXT" rootPart=""/>
    <con:endpoints>
      <con:endpoint>http://localhost:7101</con:endpoint>
    </con:endpoints>
    <con:resource name="ProxyService" path="/Test/ProxyService" id="5b86c5a3-f6d8-4eb8-84c9-49e769babab7">
      <con:settings/>
      <con:parameters/>
      <con:method name="ProxyService 1" id="10f997c4-43f7-4b87-bf3d-f726cdfe91b2" method="POST">
        <con:settings/>
        <con:parameters/>
        <con:representation type="RESPONSE">
          <con:mediaType>text/xml; charset=iso-8859-1</con:mediaType>
          <con:status>200</con:status>
          <con:params/>
          <con:element>data</con:element>
        </con:representation>
        <con:representation type="REQUEST">
          <con:mediaType>application/json</con:mediaType>
          <con:params/>
        </con:representation>
        <con:representation type="REQUEST">
          <con:mediaType>application/xml</con:mediaType>
          <con:params/>
          <con:element>hol</con:element>
        </con:representation>
        <con:request name="Request 1" id="57df07af-25d4-4f6a-aaef-2b0adc0698e0" mediaType="application/xml" postQueryString="false">
          <con:settings>
            <con:setting id="com.eviware.soapui.impl.wsdl.WsdlRequest@request-headers">&lt;xml-fragment/></con:setting>
          </con:settings>
          <con:endpoint>http://localhost:7101</con:endpoint>
          <con:request>&lt;hola>mundo&lt;/hola></con:request>
          <con:originalUri>http://localhost/Test/ProxyService</con:originalUri>
          <con:credentials>
            <con:authType>No Authorization</con:authType>
          </con:credentials>
          <con:jmsConfig JMSDeliveryMode="PERSISTENT"/>
          <con:jmsPropertyConfig/>
          <con:parameters/>
        </con:request>
      </con:method>
    </con:resource>
  </con:interface>
  <con:testSuite id="660d18a8-dc99-45d4-a378-471829377fa7" name="ProxyService TestSuite">
    <con:description>TestSuite generated for REST Service [http://localhost:7101]</con:description>
    <con:settings/>
    <con:runType>SEQUENTIAL</con:runType>
    <con:testCase id="5c7485ed-ed7a-48b0-be52-6d6f62556f37" failOnError="true" failTestCaseOnErrors="true" keepSession="false" maxResults="0" name="ProxyService TestCase" searchProperties="true">
      <con:description>TestCase generated for REST Resource [ProxyService] located at [/Test/ProxyService]</con:description>
      <con:settings/>
      <con:testStep type="restrequest" name="Request 1" id="3f11f353-f777-4b8f-93d4-2e2fc73d7467">
        <con:settings/>
        <con:config service="http://localhost:7101" resourcePath="/Test/ProxyService" methodName="ProxyService 1" xsi:type="con:RestRequestStep" xmlns:xsi="http://www.w3.org/2001/XMLSchema-instance">
          <con:restRequest name="Request 1" id="57df07af-25d4-4f6a-aaef-2b0adc0698e0" mediaType="application/xml" postQueryString="false">
            <con:settings>
              <con:setting id="com.eviware.soapui.impl.wsdl.WsdlRequest@request-headers">&lt;xml-fragment/></con:setting>
            </con:settings>
            <con:endpoint>http://localhost:7101</con:endpoint>
            <con:request>&lt;hola>mundo&lt;/hola></con:request>
            <con:originalUri>http://localhost/Test/ProxyService</con:originalUri>
            <con:assertion type="Valid HTTP Status Codes" id="48379f32-4211-4d6c-9689-e34e445c11ba" name="Valid HTTP Status Codes">
              <con:configuration>
                <codes>200</codes>
              </con:configuration>
            </con:assertion>
            <con:assertion type="Response SLA Assertion" id="57f736fc-76bd-424e-a45d-2ec9a3b34ac4" name="Response SLA">
              <con:configuration>
                <SLA>1000</SLA>
              </con:configuration>
            </con:assertion>
            <con:credentials>
              <con:authType>No Authorization</con:authType>
            </con:credentials>
            <con:jmsConfig JMSDeliveryMode="PERSISTENT"/>
            <con:jmsPropertyConfig/>
            <con:parameters/>
          </con:restRequest>
        </con:config>
      </con:testStep>
      <con:properties/>
    </con:testCase>
    <con:properties/>
  </con:testSuite>
  <con:properties/>
  <con:wssContainer/>
  <con:oAuth2ProfileContainer/>
  <con:oAuth1ProfileContainer/>
</con:soapui-project>
