<?xml version="1.0" encoding="UTF-8"?>
<testsuite name="REST Project 3.Encolar EH TestSuite" tests="1" failures="0" errors="0" time="0.356"><properties><property name="java.runtime.name" value="Java(TM) SE Runtime Environment"/><property name="sun.boot.library.path" value="C:\Program Files\Java\jdk1.8.0_131\jre\bin"/><property name="java.vm.version" value="25.131-b11"/><property name="maven.multiModuleProjectDirectory" value="C:\JDeveloper\mywork\CI Test"/><property name="java.vm.vendor" value="Oracle Corporation"/><property name="java.vendor.url" value="http://java.oracle.com/"/><property name="guice.disable.misplaced.annotation.check" value="true"/><property name="path.separator" value=";"/><property name="java.vm.name" value="Java HotSpot(TM) 64-Bit Server VM"/><property name="file.encoding.pkg" value="sun.io"/><property name="user.country" value="419"/><property name="user.script" value=""/><property name="sun.java.launcher" value="SUN_STANDARD"/><property name="sun.os.patch.level" value=""/><property name="java.vm.specification.name" value="Java Virtual Machine Specification"/><property name="user.dir" value="C:\JDeveloper\mywork\CI Test"/><property name="java.runtime.version" value="1.8.0_131-b11"/><property name="java.awt.graphicsenv" value="sun.awt.Win32GraphicsEnvironment"/><property name="java.endorsed.dirs" value="C:\Program Files\Java\jdk1.8.0_131\jre\lib\endorsed"/><property name="os.arch" value="amd64"/><property name="java.io.tmpdir" value="C:\Users\WILLIA~1\AppData\Local\Temp\"/><property name="line.separator" value="
"/><property name="java.vm.specification.vendor" value="Oracle Corporation"/><property name="user.variant" value=""/><property name="os.name" value="Windows 10"/><property name="classworlds.conf" value="D:\programas\maven\bin\..\bin\m2.conf"/><property name="sun.jnu.encoding" value="Cp1252"/><property name="java.library.path" value="C:\Program Files\Java\jdk1.8.0_131\bin;C:\Windows\Sun\Java\bin;C:\Windows\system32;C:\Windows;C:\Program Files\Docker\Docker\Resources\bin;C:\Program Files (x86)\Common Files\Oracle\Java\javapath;C:\ProgramData\Oracle\Java\javapath;C:\Program Files (x86)\Intel\iCLS Client\;C:\Program Files\Intel\iCLS Client\;C:\Windows\system32;C:\Windows;C:\Windows\System32\Wbem;C:\Windows\System32\WindowsPowerShell\v1.0\;C:\Program Files (x86)\Intel\Intel(R) Management Engine Components\DAL;C:\Program Files\Intel\Intel(R) Management Engine Components\DAL;C:\Program Files (x86)\Intel\Intel(R) Management Engine Components\IPT;C:\Program Files\Intel\Intel(R) Management Engine Components\IPT;C:\Program Files\TortoiseSVN\bin;C:\Program Files\Microsoft SQL Server\110\DTS\Binn\;C:\Program Files (x86)\Microsoft SQL Server\110\Tools\Binn\;C:\Program Files\Microsoft SQL Server\110\Tools\Binn\;C:\Program Files (x86)\Microsoft SQL Server\110\Tools\Binn\ManagementStudio\;C:\Program Files (x86)\Microsoft Visual Studio 10.0\Common7\IDE\PrivateAssemblies\;C:\Program Files (x86)\Microsoft SQL Server\110\DTS\Binn\;C:\Program Files\Git\cmd;C:\Program Files\PuTTY\;D:\Oracle\instantclient_12_2;C:\Program Files\dotnet\;C:\Program Files\nodejs\;C:\Python27\Scripts;D:\jdev;d:\jdev;D:\instantclient_11_2;C:\Users\williammolina\Documents\gradle-4.10.2\bin;C:\Users\williammolina\AppData\Local\Microsoft\WindowsApps;D:\programas\maven\bin;C:\Users\williammolina\.babun;C:\Program Files\Java\jdk1.6.0_45;C:\Program Files (x86)\Sophos\Sophos SSL VPN Client\bin;C:\Users\williammolina\AppData\Local\atom\bin;C:\Program Files\Microsoft VS Code\bin;C:\Users\williammolina\AppData\Roaming\npm;C:\Users\williammolina\.dotnet\tools;."/><property name="maven.conf" value="D:\programas\maven\bin\../conf"/><property name="sun.awt.enableExtraMouseButtons" value="true"/><property name="java.specification.name" value="Java Platform API Specification"/><property name="java.class.version" value="52.0"/><property name="sun.management.compiler" value="HotSpot 64-Bit Tiered Compilers"/><property name="os.version" value="10.0"/><property name="library.jansi.path" value="D:\programas\maven\bin\..\lib\jansi-native\windows64"/><property name="user.home" value="C:\Users\williammolina"/><property name="user.timezone" value="America/Bogota"/><property name="java.awt.printerjob" value="sun.awt.windows.WPrinterJob"/><property name="file.encoding" value="Cp1252"/><property name="java.specification.version" value="1.8"/><property name="java.class.path" value="D:\programas\maven\bin\..\boot\plexus-classworlds-2.5.2.jar"/><property name="user.name" value="williammolina"/><property name="java.vm.specification.version" value="1.8"/><property name="sun.java.command" value="org.codehaus.plexus.classworlds.launcher.Launcher com.smartbear.soapui:soapui-maven-plugin:5.4.0:test"/><property name="java.home" value="C:\Program Files\Java\jdk1.8.0_131\jre"/><property name="sun.arch.data.model" value="64"/><property name="user.language" value="es"/><property name="java.specification.vendor" value="Oracle Corporation"/><property name="awt.toolkit" value="sun.awt.windows.WToolkit"/><property name="java.vm.info" value="mixed mode"/><property name="java.version" value="1.8.0_131"/><property name="java.ext.dirs" value="C:\Program Files\Java\jdk1.8.0_131\jre\lib\ext;C:\Windows\Sun\Java\lib\ext"/><property name="sun.boot.class.path" value="C:\Program Files\Java\jdk1.8.0_131\jre\lib\resources.jar;C:\Program Files\Java\jdk1.8.0_131\jre\lib\rt.jar;C:\Program Files\Java\jdk1.8.0_131\jre\lib\sunrsasign.jar;C:\Program Files\Java\jdk1.8.0_131\jre\lib\jsse.jar;C:\Program Files\Java\jdk1.8.0_131\jre\lib\jce.jar;C:\Program Files\Java\jdk1.8.0_131\jre\lib\charsets.jar;C:\Program Files\Java\jdk1.8.0_131\jre\lib\jfr.jar;C:\Program Files\Java\jdk1.8.0_131\jre\classes"/><property name="java.vendor" value="Oracle Corporation"/><property name="sun.stderr.encoding" value="cp850"/><property name="maven.home" value="D:\programas\maven\bin\.."/><property name="file.separator" value="\"/><property name="java.vendor.url.bug" value="http://bugreport.sun.com/bugreport/"/><property name="sun.io.unicode.encoding" value="UnicodeLittle"/><property name="sun.cpu.endian" value="little"/><property name="sun.stdout.encoding" value="cp850"/><property name="sun.desktop" value="windows"/><property name="sun.cpu.isalist" value="amd64"/></properties><testcase name="Encolar TestCase" time="0.356"/></testsuite>